0 info it worked if it ends with ok
1 verbose cli [ 'node', '/usr/local/bin/npm', 'install', '-', 'g', 'nodemon' ]
2 info using npm@1.4.28
3 info using node@v0.10.36
4 warn package.json blog@1.0.0 No repository field.
5 warn package.json blog@1.0.0 No README data
6 verbose readDependencies using package.json deps
7 verbose cache add [ '-', null ]
8 verbose cache add name=undefined spec="-" args=["-",null]
9 verbose parsed url { protocol: null,
9 verbose parsed url   slashes: null,
9 verbose parsed url   auth: null,
9 verbose parsed url   host: null,
9 verbose parsed url   port: null,
9 verbose parsed url   hostname: null,
9 verbose parsed url   hash: null,
9 verbose parsed url   search: null,
9 verbose parsed url   query: null,
9 verbose parsed url   pathname: '-',
9 verbose parsed url   path: '-',
9 verbose parsed url   href: '-' }
10 verbose cache add [ 'g', null ]
11 verbose cache add name=undefined spec="g" args=["g",null]
12 verbose parsed url { protocol: null,
12 verbose parsed url   slashes: null,
12 verbose parsed url   auth: null,
12 verbose parsed url   host: null,
12 verbose parsed url   port: null,
12 verbose parsed url   hostname: null,
12 verbose parsed url   hash: null,
12 verbose parsed url   search: null,
12 verbose parsed url   query: null,
12 verbose parsed url   pathname: 'g',
12 verbose parsed url   path: 'g',
12 verbose parsed url   href: 'g' }
13 verbose cache add [ 'nodemon', null ]
14 verbose cache add name=undefined spec="nodemon" args=["nodemon",null]
15 verbose parsed url { protocol: null,
15 verbose parsed url   slashes: null,
15 verbose parsed url   auth: null,
15 verbose parsed url   host: null,
15 verbose parsed url   port: null,
15 verbose parsed url   hostname: null,
15 verbose parsed url   hash: null,
15 verbose parsed url   search: null,
15 verbose parsed url   query: null,
15 verbose parsed url   pathname: 'nodemon',
15 verbose parsed url   path: 'nodemon',
15 verbose parsed url   href: 'nodemon' }
16 silly lockFile 3bc15c8a- -
17 verbose lock - /Users/princenjoku/.npm/3bc15c8a-.lock
18 silly lockFile 54fd1711-g g
19 verbose lock g /Users/princenjoku/.npm/54fd1711-g.lock
20 silly lockFile 1625b929-nodemon nodemon
21 verbose lock nodemon /Users/princenjoku/.npm/1625b929-nodemon.lock
22 silly lockFile 3bc15c8a- -
23 silly lockFile 3bc15c8a- -
24 silly lockFile 54fd1711-g g
25 silly lockFile 54fd1711-g g
26 silly lockFile 1625b929-nodemon nodemon
27 silly lockFile 1625b929-nodemon nodemon
28 verbose addNamed [ '-', '' ]
29 verbose addNamed [ null, '*' ]
30 silly lockFile c75fe0d4- -@
31 verbose lock -@ /Users/princenjoku/.npm/c75fe0d4-.lock
32 verbose addNamed [ 'g', '' ]
33 verbose addNamed [ null, '*' ]
34 silly lockFile 8b047e1f-g g@
35 verbose lock g@ /Users/princenjoku/.npm/8b047e1f-g.lock
36 verbose addNamed [ 'nodemon', '' ]
37 verbose addNamed [ null, '*' ]
38 silly lockFile 4f5e51c6-nodemon nodemon@
39 verbose lock nodemon@ /Users/princenjoku/.npm/4f5e51c6-nodemon.lock
40 silly addNameRange { name: '-', range: '*', hasData: false }
41 silly addNameRange { name: 'g', range: '*', hasData: false }
42 silly addNameRange { name: 'nodemon', range: '*', hasData: false }
43 verbose request where is /-
44 verbose request registry https://registry.npmjs.org/
45 verbose request id ca0623fa4879da43
46 verbose url raw /-
47 verbose url resolving [ 'https://registry.npmjs.org/', './-' ]
48 verbose url resolved https://registry.npmjs.org/-
49 verbose request where is https://registry.npmjs.org/-
50 info trying registry request attempt 1 at 22:21:40
51 http GET https://registry.npmjs.org/-
52 verbose request where is /g
53 verbose request registry https://registry.npmjs.org/
54 verbose url raw /g
55 verbose url resolving [ 'https://registry.npmjs.org/', './g' ]
56 verbose url resolved https://registry.npmjs.org/g
57 verbose request where is https://registry.npmjs.org/g
58 info trying registry request attempt 1 at 22:21:40
59 verbose etag "8AYIUDSUHLGXZT7X52XKA2O0S"
60 http GET https://registry.npmjs.org/g
61 verbose request where is /nodemon
62 verbose request registry https://registry.npmjs.org/
63 verbose url raw /nodemon
64 verbose url resolving [ 'https://registry.npmjs.org/', './nodemon' ]
65 verbose url resolved https://registry.npmjs.org/nodemon
66 verbose request where is https://registry.npmjs.org/nodemon
67 info trying registry request attempt 1 at 22:21:40
68 verbose etag "DZWMJD22BRGFVZ8X1QPPC7FT5"
69 http GET https://registry.npmjs.org/nodemon
70 http 304 https://registry.npmjs.org/g
71 silly registry.get cb [ 304,
71 silly registry.get   { date: 'Tue, 17 Nov 2015 03:21:40 GMT',
71 silly registry.get     via: '1.1 varnish',
71 silly registry.get     'cache-control': 'max-age=60',
71 silly registry.get     etag: '"8AYIUDSUHLGXZT7X52XKA2O0S"',
71 silly registry.get     age: '10',
71 silly registry.get     connection: 'keep-alive',
71 silly registry.get     'x-served-by': 'cache-jfk1032-JFK',
71 silly registry.get     'x-cache': 'HIT',
71 silly registry.get     'x-cache-hits': '1',
71 silly registry.get     'x-timer': 'S1447730500.674016,VS0,VE0',
71 silly registry.get     vary: 'Accept' } ]
72 verbose etag https://registry.npmjs.org/g from cache
73 silly addNameRange number 2 { name: 'g', range: '*', hasData: true }
74 silly addNameRange versions [ 'g',
74 silly addNameRange   [ '1.0.0', '1.0.1', '1.0.2', '1.0.3', '1.0.4', '1.0.5', '2.0.0' ] ]
75 verbose addNamed [ 'g', '2.0.0' ]
76 verbose addNamed [ '2.0.0', '2.0.0' ]
77 silly lockFile 228a2625-g-2-0-0 g@2.0.0
78 verbose lock g@2.0.0 /Users/princenjoku/.npm/228a2625-g-2-0-0.lock
79 silly lockFile 228a2625-g-2-0-0 g@2.0.0
80 silly lockFile 228a2625-g-2-0-0 g@2.0.0
81 silly lockFile 8b047e1f-g g@
82 silly lockFile 8b047e1f-g g@
83 http 304 https://registry.npmjs.org/nodemon
84 silly registry.get cb [ 304,
84 silly registry.get   { date: 'Tue, 17 Nov 2015 03:21:40 GMT',
84 silly registry.get     via: '1.1 varnish',
84 silly registry.get     'cache-control': 'max-age=60',
84 silly registry.get     etag: '"DZWMJD22BRGFVZ8X1QPPC7FT5"',
84 silly registry.get     age: '16',
84 silly registry.get     connection: 'keep-alive',
84 silly registry.get     'x-served-by': 'cache-jfk1034-JFK',
84 silly registry.get     'x-cache': 'HIT',
84 silly registry.get     'x-cache-hits': '93',
84 silly registry.get     'x-timer': 'S1447730500.758077,VS0,VE0',
84 silly registry.get     vary: 'Accept' } ]
85 verbose etag https://registry.npmjs.org/nodemon from cache
86 silly addNameRange number 2 { name: 'nodemon', range: '*', hasData: true }
87 silly addNameRange versions [ 'nodemon',
87 silly addNameRange   [ '0.1.4',
87 silly addNameRange     '0.1.5',
87 silly addNameRange     '0.1.6',
87 silly addNameRange     '0.1.7',
87 silly addNameRange     '0.1.8',
87 silly addNameRange     '0.2.0',
87 silly addNameRange     '0.2.1',
87 silly addNameRange     '0.2.2',
87 silly addNameRange     '0.3.0',
87 silly addNameRange     '0.3.1',
87 silly addNameRange     '0.3.2',
87 silly addNameRange     '0.4.0',
87 silly addNameRange     '0.4.1',
87 silly addNameRange     '0.5.0',
87 silly addNameRange     '0.5.1',
87 silly addNameRange     '0.5.2',
87 silly addNameRange     '0.5.3',
87 silly addNameRange     '0.5.4',
87 silly addNameRange     '0.5.5',
87 silly addNameRange     '0.5.6',
87 silly addNameRange     '0.5.7',
87 silly addNameRange     '0.6.0',
87 silly addNameRange     '0.6.1',
87 silly addNameRange     '0.6.2',
87 silly addNameRange     '0.6.3',
87 silly addNameRange     '0.6.4',
87 silly addNameRange     '0.6.5',
87 silly addNameRange     '0.6.6',
87 silly addNameRange     '0.6.7',
87 silly addNameRange     '0.6.8',
87 silly addNameRange     '0.6.9',
87 silly addNameRange     '0.6.10',
87 silly addNameRange     '0.6.11',
87 silly addNameRange     '0.6.12',
87 silly addNameRange     '0.6.13',
87 silly addNameRange     '0.6.14',
87 silly addNameRange     '0.6.15',
87 silly addNameRange     '0.6.16',
87 silly addNameRange     '0.6.17',
87 silly addNameRange     '0.6.18',
87 silly addNameRange     '0.6.19',
87 silly addNameRange     '0.6.20',
87 silly addNameRange     '0.6.21',
87 silly addNameRange     '0.6.22',
87 silly addNameRange     '0.6.23',
87 silly addNameRange     '0.7.0',
87 silly addNameRange     '0.7.1',
87 silly addNameRange     '0.7.2',
87 silly addNameRange     '0.7.3',
87 silly addNameRange     '0.7.4',
87 silly addNameRange     '0.7.5',
87 silly addNameRange     '0.7.6',
87 silly addNameRange     '0.7.7',
87 silly addNameRange     '0.7.8',
87 silly addNameRange     '0.7.10',
87 silly addNameRange     '0.9.0',
87 silly addNameRange     '0.9.1',
87 silly addNameRange     '0.9.2',
87 silly addNameRange     '0.9.3',
87 silly addNameRange     '0.9.5',
87 silly addNameRange     '0.9.6',
87 silly addNameRange     '0.9.7',
87 silly addNameRange     '0.9.10',
87 silly addNameRange     '0.9.11',
87 silly addNameRange     '0.9.12',
87 silly addNameRange     '0.9.14',
87 silly addNameRange     '0.9.16',
87 silly addNameRange     '0.9.17',
87 silly addNameRange     '1.0.0',
87 silly addNameRange     '1.0.1',
87 silly addNameRange     '1.0.2',
87 silly addNameRange     '1.0.2-rc',
87 silly addNameRange     '0.6.10-a',
87 silly addNameRange     '1.0.2-rc3',
87 silly addNameRange     '1.0.2-rc4',
87 silly addNameRange     '1.0.3',
87 silly addNameRange     '1.0.4',
87 silly addNameRange     '1.0.5',
87 silly addNameRange     '1.0.6',
87 silly addNameRange     '1.0.7',
87 silly addNameRange     '1.0.8',
87 silly addNameRange     '1.0.9',
87 silly addNameRange     '1.0.10',
87 silly addNameRange     '1.0.11',
87 silly addNameRange     '1.0.12',
87 silly addNameRange     '1.0.13',
87 silly addNameRange     '1.0.14',
87 silly addNameRange     '1.0.15',
87 silly addNameRange     '1.0.16',
87 silly addNameRange     '1.0.17-rc1',
87 silly addNameRange     '1.0.17-rc2',
87 silly addNameRange     '1.0.17',
87 silly addNameRange     '1.0.18',
87 silly addNameRange     '1.0.19',
87 silly addNameRange     '1.0.20',
87 silly addNameRange     '1.1.0-alpha',
87 silly addNameRange     '1.1.0',
87 silly addNameRange     '1.1.1',
87 silly addNameRange     '1.2.0',
87 silly addNameRange     '1.2.1',
87 silly addNameRange     '1.3.0-0',
87 silly addNameRange     '1.3.0-1',
87 silly addNameRange     '1.3.0-2',
87 silly addNameRange     '1.3.0-3',
87 silly addNameRange     '1.3.0-4',
87 silly addNameRange     '1.3.0-5',
87 silly addNameRange     '1.3.0-6',
87 silly addNameRange     '1.3.0-7',
87 silly addNameRange     '1.3.0',
87 silly addNameRange     '1.3.1',
87 silly addNameRange     '1.3.2',
87 silly addNameRange     '1.3.3',
87 silly addNameRange     '1.3.5',
87 silly addNameRange     '1.3.6',
87 silly addNameRange     '1.3.7',
87 silly addNameRange     '1.3.8',
87 silly addNameRange     '1.4.0',
87 silly addNameRange     '1.4.1',
87 silly addNameRange     '1.5.0-alpha1',
87 silly addNameRange     '1.5.0-alpha2',
87 silly addNameRange     '1.5.0-alpha3',
87 silly addNameRange     '1.5.0-alpha4',
87 silly addNameRange     '1.4.2',
87 silly addNameRange     '1.5.0',
87 silly addNameRange     '1.5.1',
87 silly addNameRange     '1.6.0',
87 silly addNameRange     '1.6.1',
87 silly addNameRange     '1.7.0',
87 silly addNameRange     '1.7.1',
87 silly addNameRange     '1.7.2',
87 silly addNameRange     '1.7.3',
87 silly addNameRange     '1.8.0',
87 silly addNameRange     '1.8.1' ] ]
88 verbose addNamed [ 'nodemon', '1.8.1' ]
89 verbose addNamed [ '1.8.1', '1.8.1' ]
90 silly lockFile d418affa-nodemon-1-8-1 nodemon@1.8.1
91 verbose lock nodemon@1.8.1 /Users/princenjoku/.npm/d418affa-nodemon-1-8-1.lock
92 silly lockFile d418affa-nodemon-1-8-1 nodemon@1.8.1
93 silly lockFile d418affa-nodemon-1-8-1 nodemon@1.8.1
94 silly lockFile 4f5e51c6-nodemon nodemon@
95 silly lockFile 4f5e51c6-nodemon nodemon@
96 http 404 https://registry.npmjs.org/-
97 silly registry.get cb [ 404,
97 silly registry.get   { 'content-type': 'application/json',
97 silly registry.get     'cache-control': 'max-age=0',
97 silly registry.get     'content-length': '57',
97 silly registry.get     'accept-ranges': 'bytes',
97 silly registry.get     date: 'Tue, 17 Nov 2015 03:21:41 GMT',
97 silly registry.get     via: '1.1 varnish',
97 silly registry.get     age: '0',
97 silly registry.get     connection: 'keep-alive',
97 silly registry.get     'x-served-by': 'cache-jfk1027-JFK',
97 silly registry.get     'x-cache': 'MISS',
97 silly registry.get     'x-cache-hits': '0',
97 silly registry.get     'x-timer': 'S1447730500.664816,VS0,VE356' } ]
98 silly lockFile c75fe0d4- -@
99 silly lockFile c75fe0d4- -@
100 error 404 Not Found
101 error System Darwin 15.0.0
102 error command "node" "/usr/local/bin/npm" "install" "-" "g" "nodemon"
103 error cwd /Users/princenjoku/node-projects/blog
104 error node -v v0.10.36
105 error npm -v 1.4.28
106 error code E404
107 verbose exit [ 1, true ]
